2018-01-28 16:17:55,032 [Worker-2] INFO  c.g.t.t.d.PublishedGradleVersions - Gradle version information cache is out-of-date. Trying to update.
2018-01-28 16:17:58,052 [Worker-2] INFO  c.g.t.t.d.PublishedGradleVersions - Updating Gradle version information cache failed. Using outdated cache.
2018-01-28 16:18:45,132 [main] ERROR o.e.m.c.i.p.r.ProjectRegistryReader - Can't read workspace state
java.io.InvalidClassException: org.eclipse.m2e.core.internal.project.registry.BasicProjectRegistry; local class incompatible: stream classdesc serialVersionUID = 5542512601401896748, local class serialVersionUID = 6232274446642339434
	at java.io.ObjectStreamClass.initNonProxy(ObjectStreamClass.java:687) ~[na:1.8.0_151]
	at java.io.ObjectInputStream.readNonProxyDesc(ObjectInputStream.java:1880) ~[na:1.8.0_151]
	at java.io.ObjectInputStream.readClassDesc(ObjectInputStream.java:1746) ~[na:1.8.0_151]
	at java.io.ObjectInputStream.readNonProxyDesc(ObjectInputStream.java:1880) ~[na:1.8.0_151]
	at java.io.ObjectInputStream.readClassDesc(ObjectInputStream.java:1746) ~[na:1.8.0_151]
	at java.io.ObjectInputStream.readOrdinaryObject(ObjectInputStream.java:2037) ~[na:1.8.0_151]
	at java.io.ObjectInputStream.readObject0(ObjectInputStream.java:1568) ~[na:1.8.0_151]
	at java.io.ObjectInputStream.readObject(ObjectInputStream.java:428) ~[na:1.8.0_151]
	at org.eclipse.m2e.core.internal.project.registry.ProjectRegistryReader.readWorkspaceState(ProjectRegistryReader.java:100) ~[org.eclipse.m2e.core_1.7.0.20160603-1933.jar:na]
	at org.eclipse.m2e.core.internal.project.registry.ProjectRegistryManager.<init>(ProjectRegistryManager.java:164) [org.eclipse.m2e.core_1.7.0.20160603-1933.jar:na]
	at org.eclipse.m2e.core.internal.MavenPluginActivator.start(MavenPluginActivator.java:211) [org.eclipse.m2e.core_1.7.0.20160603-1933.jar:na]
	at org.eclipse.osgi.internal.framework.BundleContextImpl$3.run(BundleContextImpl.java:774) [org.eclipse.osgi_3.11.0.v20160603-1336.jar:na]
	at org.eclipse.osgi.internal.framework.BundleContextImpl$3.run(BundleContextImpl.java:1) [org.eclipse.osgi_3.11.0.v20160603-1336.jar:na]
	at java.security.AccessController.doPrivileged(Native Method) [na:1.8.0_151]
	at org.eclipse.osgi.internal.framework.BundleContextImpl.startActivator(BundleContextImpl.java:767) [org.eclipse.osgi_3.11.0.v20160603-1336.jar:na]
	at org.eclipse.osgi.internal.framework.BundleContextImpl.start(BundleContextImpl.java:724) [org.eclipse.osgi_3.11.0.v20160603-1336.jar:na]
	at org.eclipse.osgi.internal.framework.EquinoxBundle.startWorker0(EquinoxBundle.java:932) [org.eclipse.osgi_3.11.0.v20160603-1336.jar:na]
	at org.eclipse.osgi.internal.framework.EquinoxBundle$EquinoxModule.startWorker(EquinoxBundle.java:309) [org.eclipse.osgi_3.11.0.v20160603-1336.jar:na]
	at org.eclipse.osgi.container.Module.doStart(Module.java:581) [org.eclipse.osgi_3.11.0.v20160603-1336.jar:na]
	at org.eclipse.osgi.container.Module.start(Module.java:449) [org.eclipse.osgi_3.11.0.v20160603-1336.jar:na]
	at org.eclipse.osgi.framework.util.SecureAction.start(SecureAction.java:470) [org.eclipse.osgi_3.11.0.v20160603-1336.jar:na]
	at org.eclipse.osgi.internal.hooks.EclipseLazyStarter.postFindLocalClass(EclipseLazyStarter.java:107) [org.eclipse.osgi_3.11.0.v20160603-1336.jar:na]
	at org.eclipse.osgi.internal.loader.classpath.ClasspathManager.findLocalClass(ClasspathManager.java:529) [org.eclipse.osgi_3.11.0.v20160603-1336.jar:na]
	at org.eclipse.osgi.internal.loader.ModuleClassLoader.findLocalClass(ModuleClassLoader.java:325) [org.eclipse.osgi_3.11.0.v20160603-1336.jar:na]
	at org.eclipse.osgi.internal.loader.BundleLoader.findLocalClass(BundleLoader.java:334) [org.eclipse.osgi_3.11.0.v20160603-1336.jar:na]
	at org.eclipse.osgi.internal.loader.sources.SingleSourcePackage.loadClass(SingleSourcePackage.java:36) [org.eclipse.osgi_3.11.0.v20160603-1336.jar:na]
	at org.eclipse.osgi.internal.loader.BundleLoader.findClassInternal(BundleLoader.java:395) [org.eclipse.osgi_3.11.0.v20160603-1336.jar:na]
	at org.eclipse.osgi.internal.loader.BundleLoader.findClass(BundleLoader.java:361) [org.eclipse.osgi_3.11.0.v20160603-1336.jar:na]
	at org.eclipse.osgi.internal.loader.BundleLoader.findClass(BundleLoader.java:353) [org.eclipse.osgi_3.11.0.v20160603-1336.jar:na]
	at org.eclipse.osgi.internal.loader.ModuleClassLoader.loadClass(ModuleClassLoader.java:161) [org.eclipse.osgi_3.11.0.v20160603-1336.jar:na]
	at java.lang.ClassLoader.loadClass(ClassLoader.java:357) [na:1.8.0_151]
	at com.google.cloud.tools.eclipse.dataflow.core.project.DataflowDependencyManager.create(DataflowDependencyManager.java:56) [com.google.cloud.tools.eclipse.dataflow.core_0.1.0.201711162157.jar:na]
	at com.google.cloud.tools.eclipse.dataflow.core.internal.properties.DataflowVersionTester.<init>(DataflowVersionTester.java:39) [com.google.cloud.tools.eclipse.dataflow.core_0.1.0.201711162157.jar:na]
	at sun.reflect.NativeConstructorAccessorImpl.newInstance0(Native Method) [na:1.8.0_151]
	at sun.reflect.NativeConstructorAccessorImpl.newInstance(NativeConstructorAccessorImpl.java:62) [na:1.8.0_151]
	at sun.reflect.DelegatingConstructorAccessorImpl.newInstance(DelegatingConstructorAccessorImpl.java:45) [na:1.8.0_151]
	at java.lang.reflect.Constructor.newInstance(Constructor.java:423) [na:1.8.0_151]
	at java.lang.Class.newInstance(Class.java:442) [na:1.8.0_151]
	at org.eclipse.core.internal.registry.osgi.RegistryStrategyOSGI.createExecutableExtension(RegistryStrategyOSGI.java:184) [org.eclipse.equinox.registry_3.6.100.v20160223-2218.jar:na]
	at org.eclipse.core.internal.registry.ExtensionRegistry.createExecutableExtension(ExtensionRegistry.java:905) [org.eclipse.equinox.registry_3.6.100.v20160223-2218.jar:na]
	at org.eclipse.core.internal.registry.ConfigurationElement.createExecutableExtension(ConfigurationElement.java:243) [org.eclipse.equinox.registry_3.6.100.v20160223-2218.jar:na]
	at org.eclipse.core.internal.registry.ConfigurationElementHandle.createExecutableExtension(ConfigurationElementHandle.java:55) [org.eclipse.equinox.registry_3.6.100.v20160223-2218.jar:na]
	at org.eclipse.core.internal.expressions.PropertyTesterDescriptor.instantiate(PropertyTesterDescriptor.java:96) [org.eclipse.core.expressions_3.5.100.v20160418-1621.jar:na]
	at org.eclipse.core.internal.expressions.TypeExtension.findTypeExtender(TypeExtension.java:97) [org.eclipse.core.expressions_3.5.100.v20160418-1621.jar:na]
	at org.eclipse.core.internal.expressions.TypeExtension.findTypeExtender(TypeExtension.java:147) [org.eclipse.core.expressions_3.5.100.v20160418-1621.jar:na]
	at org.eclipse.core.internal.expressions.TypeExtension.findTypeExtender(TypeExtension.java:130) [org.eclipse.core.expressions_3.5.100.v20160418-1621.jar:na]
	at org.eclipse.core.internal.expressions.TypeExtension.findTypeExtender(TypeExtension.java:130) [org.eclipse.core.expressions_3.5.100.v20160418-1621.jar:na]
	at org.eclipse.core.internal.expressions.TypeExtensionManager.getProperty(TypeExtensionManager.java:119) [org.eclipse.core.expressions_3.5.100.v20160418-1621.jar:na]
	at org.eclipse.core.internal.expressions.TestExpression.evaluate(TestExpression.java:97) [org.eclipse.core.expressions_3.5.100.v20160418-1621.jar:na]
	at org.eclipse.core.internal.expressions.CompositeExpression.evaluateAnd(CompositeExpression.java:53) [org.eclipse.core.expressions_3.5.100.v20160418-1621.jar:na]
	at org.eclipse.core.internal.expressions.AdaptExpression.evaluate(AdaptExpression.java:112) [org.eclipse.core.expressions_3.5.100.v20160418-1621.jar:na]
	at org.eclipse.core.internal.expressions.CompositeExpression.evaluateAnd(CompositeExpression.java:53) [org.eclipse.core.expressions_3.5.100.v20160418-1621.jar:na]
	at org.eclipse.core.internal.expressions.IterateExpression.evaluate(IterateExpression.java:199) [org.eclipse.core.expressions_3.5.100.v20160418-1621.jar:na]
	at org.eclipse.core.internal.expressions.CompositeExpression.evaluateAnd(CompositeExpression.java:53) [org.eclipse.core.expressions_3.5.100.v20160418-1621.jar:na]
	at org.eclipse.core.internal.expressions.WithExpression.evaluate(WithExpression.java:75) [org.eclipse.core.expressions_3.5.100.v20160418-1621.jar:na]
	at org.eclipse.core.internal.expressions.ReferenceExpression.evaluate(ReferenceExpression.java:71) [org.eclipse.core.expressions_3.5.100.v20160418-1621.jar:na]
	at org.eclipse.e4.ui.internal.workbench.ContributionsAnalyzer.isVisible(ContributionsAnalyzer.java:257) [org.eclipse.e4.ui.workbench_1.4.0.v20160517-1624.jar:na]
	at org.eclipse.e4.ui.workbench.renderers.swt.ContributionRecord.computeVisibility(ContributionRecord.java:168) [org.eclipse.e4.ui.workbench.renderers.swt_0.14.0.v20160525-0940.jar:na]
	at org.eclipse.e4.ui.workbench.renderers.swt.ContributionRecord.updateVisibility(ContributionRecord.java:98) [org.eclipse.e4.ui.workbench.renderers.swt_0.14.0.v20160525-0940.jar:na]
	at org.eclipse.e4.ui.workbench.renderers.swt.MenuManagerRendererFilter.updateElementVisibility(MenuManagerRendererFilter.java:189) [org.eclipse.e4.ui.workbench.renderers.swt_0.14.0.v20160525-0940.jar:na]
	at org.eclipse.e4.ui.workbench.renderers.swt.MenuManagerRendererFilter.updateElementVisibility(MenuManagerRendererFilter.java:200) [org.eclipse.e4.ui.workbench.renderers.swt_0.14.0.v20160525-0940.jar:na]
	at org.eclipse.e4.ui.workbench.renderers.swt.MenuManagerShowProcessor.showMenu(MenuManagerShowProcessor.java:232) [org.eclipse.e4.ui.workbench.renderers.swt_0.14.0.v20160525-0940.jar:na]
	at org.eclipse.e4.ui.workbench.renderers.swt.MenuManagerShowProcessor.menuAboutToHide(MenuManagerShowProcessor.java:114) [org.eclipse.e4.ui.workbench.renderers.swt_0.14.0.v20160525-0940.jar:na]
	at org.eclipse.jface.internal.MenuManagerEventHelper.showEventPostHelper(MenuManagerEventHelper.java:92) [org.eclipse.jface_3.12.0.v20160518-1929.jar:na]
	at org.eclipse.jface.action.MenuManager.handleAboutToShow(MenuManager.java:471) [org.eclipse.jface_3.12.0.v20160518-1929.jar:na]
	at org.eclipse.jface.action.MenuManager.access$1(MenuManager.java:465) [org.eclipse.jface_3.12.0.v20160518-1929.jar:na]
	at org.eclipse.jface.action.MenuManager$2.menuShown(MenuManager.java:497) [org.eclipse.jface_3.12.0.v20160518-1929.jar:na]
	at org.eclipse.swt.widgets.TypedListener.handleEvent(TypedListener.java:256) [org.eclipse.swt.gtk.linux.x86_64_3.105.0.v20160603-0902.jar:na]
	at org.eclipse.swt.widgets.EventTable.sendEvent(EventTable.java:84) [org.eclipse.swt.gtk.linux.x86_64_3.105.0.v20160603-0902.jar:na]
	at org.eclipse.swt.widgets.Display.sendEvent(Display.java:5219) [org.eclipse.swt.gtk.linux.x86_64_3.105.0.v20160603-0902.jar:na]
	at org.eclipse.swt.widgets.Widget.sendEvent(Widget.java:1340) [org.eclipse.swt.gtk.linux.x86_64_3.105.0.v20160603-0902.jar:na]
	at org.eclipse.swt.widgets.Widget.sendEvent(Widget.java:1366) [org.eclipse.swt.gtk.linux.x86_64_3.105.0.v20160603-0902.jar:na]
	at org.eclipse.swt.widgets.Widget.sendEvent(Widget.java:1345) [org.eclipse.swt.gtk.linux.x86_64_3.105.0.v20160603-0902.jar:na]
	at org.eclipse.swt.widgets.Menu._setVisible(Menu.java:198) [org.eclipse.swt.gtk.linux.x86_64_3.105.0.v20160603-0902.jar:na]
	at org.eclipse.swt.widgets.Display.runPopups(Display.java:4595) [org.eclipse.swt.gtk.linux.x86_64_3.105.0.v20160603-0902.jar:na]
	at org.eclipse.swt.widgets.Display.readAndDispatch(Display.java:4133) [org.eclipse.swt.gtk.linux.x86_64_3.105.0.v20160603-0902.jar:na]
	at org.eclipse.e4.ui.internal.workbench.swt.PartRenderingEngine$4.run(PartRenderingEngine.java:1121) [org.eclipse.e4.ui.workbench.swt_0.14.0.v20160523-1900.jar:na]
	at org.eclipse.core.databinding.observable.Realm.runWithDefault(Realm.java:336) [org.eclipse.core.databinding.observable_1.6.0.v20160511-1747.jar:na]
	at org.eclipse.e4.ui.internal.workbench.swt.PartRenderingEngine.run(PartRenderingEngine.java:1022) [org.eclipse.e4.ui.workbench.swt_0.14.0.v20160523-1900.jar:na]
	at org.eclipse.e4.ui.internal.workbench.E4Workbench.createAndRunUI(E4Workbench.java:150) [org.eclipse.e4.ui.workbench_1.4.0.v20160517-1624.jar:na]
	at org.eclipse.ui.internal.Workbench$5.run(Workbench.java:687) [org.eclipse.ui.workbench_3.108.0.v20160602-1232.jar:na]
	at org.eclipse.core.databinding.observable.Realm.runWithDefault(Realm.java:336) [org.eclipse.core.databinding.observable_1.6.0.v20160511-1747.jar:na]
	at org.eclipse.ui.internal.Workbench.createAndRunWorkbench(Workbench.java:604) [org.eclipse.ui.workbench_3.108.0.v20160602-1232.jar:na]
	at org.eclipse.ui.PlatformUI.createAndRunWorkbench(PlatformUI.java:148) [org.eclipse.ui.workbench_3.108.0.v20160602-1232.jar:na]
	at org.eclipse.ui.internal.ide.application.IDEApplication.start(IDEApplication.java:138) [org.eclipse.ui.ide.application_1.1.100.v20160518-1929.jar:na]
	at org.eclipse.equinox.internal.app.EclipseAppHandle.run(EclipseAppHandle.java:196) [org.eclipse.equinox.app_1.3.400.v20150715-1528.jar:na]
	at org.eclipse.core.runtime.internal.adaptor.EclipseAppLauncher.runApplication(EclipseAppLauncher.java:134) [org.eclipse.osgi_3.11.0.v20160603-1336.jar:na]
	at org.eclipse.core.runtime.internal.adaptor.EclipseAppLauncher.start(EclipseAppLauncher.java:104) [org.eclipse.osgi_3.11.0.v20160603-1336.jar:na]
	at org.eclipse.core.runtime.adaptor.EclipseStarter.run(EclipseStarter.java:388) [org.eclipse.osgi_3.11.0.v20160603-1336.jar:na]
	at org.eclipse.core.runtime.adaptor.EclipseStarter.run(EclipseStarter.java:243) [org.eclipse.osgi_3.11.0.v20160603-1336.jar:na]
	at sun.reflect.NativeMethodAccessorImpl.invoke0(Native Method) ~[na:1.8.0_151]
	at sun.reflect.NativeMethodAccessorImpl.invoke(NativeMethodAccessorImpl.java:62) ~[na:1.8.0_151]
	at sun.reflect.DelegatingMethodAccessorImpl.invoke(DelegatingMethodAccessorImpl.java:43) ~[na:1.8.0_151]
	at java.lang.reflect.Method.invoke(Method.java:498) ~[na:1.8.0_151]
	at org.eclipse.equinox.launcher.Main.invokeFramework(Main.java:673) [org.eclipse.equinox.launcher_1.3.200.v20160318-1642.jar:na]
	at org.eclipse.equinox.launcher.Main.basicRun(Main.java:610) [org.eclipse.equinox.launcher_1.3.200.v20160318-1642.jar:na]
	at org.eclipse.equinox.launcher.Main.run(Main.java:1519) [org.eclipse.equinox.launcher_1.3.200.v20160318-1642.jar:na]
	at org.eclipse.equinox.launcher.Main.main(Main.java:1492) [org.eclipse.equinox.launcher_1.3.200.v20160318-1642.jar:na]
2018-02-03 12:14:17,949 [Worker-0] INFO  c.g.t.t.d.PublishedGradleVersions - Gradle version information cache is up-to-date. Trying to read.
2018-02-03 12:14:40,789 [Worker-1] ERROR o.e.m.c.i.p.r.ProjectRegistryReader - Can't read workspace state
java.io.InvalidClassException: org.eclipse.m2e.core.internal.project.registry.BasicProjectRegistry; local class incompatible: stream classdesc serialVersionUID = 5542512601401896748, local class serialVersionUID = 6232274446642339434
	at java.io.ObjectStreamClass.initNonProxy(ObjectStreamClass.java:687) ~[na:1.8.0_151]
	at java.io.ObjectInputStream.readNonProxyDesc(ObjectInputStream.java:1880) ~[na:1.8.0_151]
	at java.io.ObjectInputStream.readClassDesc(ObjectInputStream.java:1746) ~[na:1.8.0_151]
	at java.io.ObjectInputStream.readNonProxyDesc(ObjectInputStream.java:1880) ~[na:1.8.0_151]
	at java.io.ObjectInputStream.readClassDesc(ObjectInputStream.java:1746) ~[na:1.8.0_151]
	at java.io.ObjectInputStream.readOrdinaryObject(ObjectInputStream.java:2037) ~[na:1.8.0_151]
	at java.io.ObjectInputStream.readObject0(ObjectInputStream.java:1568) ~[na:1.8.0_151]
	at java.io.ObjectInputStream.readObject(ObjectInputStream.java:428) ~[na:1.8.0_151]
	at org.eclipse.m2e.core.internal.project.registry.ProjectRegistryReader.readWorkspaceState(ProjectRegistryReader.java:100) ~[org.eclipse.m2e.core_1.7.0.20160603-1933.jar:na]
	at org.eclipse.m2e.core.internal.project.registry.ProjectRegistryManager.<init>(ProjectRegistryManager.java:164) [org.eclipse.m2e.core_1.7.0.20160603-1933.jar:na]
	at org.eclipse.m2e.core.internal.MavenPluginActivator.start(MavenPluginActivator.java:211) [org.eclipse.m2e.core_1.7.0.20160603-1933.jar:na]
	at org.eclipse.osgi.internal.framework.BundleContextImpl$3.run(BundleContextImpl.java:774) [org.eclipse.osgi_3.11.0.v20160603-1336.jar:na]
	at org.eclipse.osgi.internal.framework.BundleContextImpl$3.run(BundleContextImpl.java:1) [org.eclipse.osgi_3.11.0.v20160603-1336.jar:na]
	at java.security.AccessController.doPrivileged(Native Method) [na:1.8.0_151]
	at org.eclipse.osgi.internal.framework.BundleContextImpl.startActivator(BundleContextImpl.java:767) [org.eclipse.osgi_3.11.0.v20160603-1336.jar:na]
	at org.eclipse.osgi.internal.framework.BundleContextImpl.start(BundleContextImpl.java:724) [org.eclipse.osgi_3.11.0.v20160603-1336.jar:na]
	at org.eclipse.osgi.internal.framework.EquinoxBundle.startWorker0(EquinoxBundle.java:932) [org.eclipse.osgi_3.11.0.v20160603-1336.jar:na]
	at org.eclipse.osgi.internal.framework.EquinoxBundle$EquinoxModule.startWorker(EquinoxBundle.java:309) [org.eclipse.osgi_3.11.0.v20160603-1336.jar:na]
	at org.eclipse.osgi.container.Module.doStart(Module.java:581) [org.eclipse.osgi_3.11.0.v20160603-1336.jar:na]
	at org.eclipse.osgi.container.Module.start(Module.java:449) [org.eclipse.osgi_3.11.0.v20160603-1336.jar:na]
	at org.eclipse.osgi.framework.util.SecureAction.start(SecureAction.java:470) [org.eclipse.osgi_3.11.0.v20160603-1336.jar:na]
	at org.eclipse.osgi.internal.hooks.EclipseLazyStarter.postFindLocalClass(EclipseLazyStarter.java:107) [org.eclipse.osgi_3.11.0.v20160603-1336.jar:na]
	at org.eclipse.osgi.internal.loader.classpath.ClasspathManager.findLocalClass(ClasspathManager.java:529) [org.eclipse.osgi_3.11.0.v20160603-1336.jar:na]
	at org.eclipse.osgi.internal.loader.ModuleClassLoader.findLocalClass(ModuleClassLoader.java:325) [org.eclipse.osgi_3.11.0.v20160603-1336.jar:na]
	at org.eclipse.osgi.internal.loader.BundleLoader.findLocalClass(BundleLoader.java:334) [org.eclipse.osgi_3.11.0.v20160603-1336.jar:na]
	at org.eclipse.osgi.internal.loader.BundleLoader.findClassInternal(BundleLoader.java:411) [org.eclipse.osgi_3.11.0.v20160603-1336.jar:na]
	at org.eclipse.osgi.internal.loader.BundleLoader.findClass(BundleLoader.java:361) [org.eclipse.osgi_3.11.0.v20160603-1336.jar:na]
	at org.eclipse.osgi.internal.loader.BundleLoader.findClass(BundleLoader.java:353) [org.eclipse.osgi_3.11.0.v20160603-1336.jar:na]
	at org.eclipse.osgi.internal.loader.ModuleClassLoader.loadClass(ModuleClassLoader.java:161) [org.eclipse.osgi_3.11.0.v20160603-1336.jar:na]
	at java.lang.ClassLoader.loadClass(ClassLoader.java:357) [na:1.8.0_151]
	at org.eclipse.osgi.internal.framework.EquinoxBundle.loadClass(EquinoxBundle.java:564) [org.eclipse.osgi_3.11.0.v20160603-1336.jar:na]
	at org.eclipse.core.internal.registry.osgi.RegistryStrategyOSGI.createExecutableExtension(RegistryStrategyOSGI.java:174) [org.eclipse.equinox.registry_3.6.100.v20160223-2218.jar:na]
	at org.eclipse.core.internal.registry.ExtensionRegistry.createExecutableExtension(ExtensionRegistry.java:905) [org.eclipse.equinox.registry_3.6.100.v20160223-2218.jar:na]
	at org.eclipse.core.internal.registry.ConfigurationElement.createExecutableExtension(ConfigurationElement.java:243) [org.eclipse.equinox.registry_3.6.100.v20160223-2218.jar:na]
	at org.eclipse.core.internal.registry.ConfigurationElementHandle.createExecutableExtension(ConfigurationElementHandle.java:55) [org.eclipse.equinox.registry_3.6.100.v20160223-2218.jar:na]
	at org.eclipse.core.internal.content.ContentType.getDescriber(ContentType.java:266) [org.eclipse.core.contenttype_3.5.100.v20160418-1621.jar:na]
	at org.eclipse.core.internal.content.ContentTypeCatalog.collectMatchingByContents(ContentTypeCatalog.java:195) [org.eclipse.core.contenttype_3.5.100.v20160418-1621.jar:na]
	at org.eclipse.core.internal.content.ContentTypeCatalog.internalFindContentTypesFor(ContentTypeCatalog.java:412) [org.eclipse.core.contenttype_3.5.100.v20160418-1621.jar:na]
	at org.eclipse.core.internal.content.ContentTypeCatalog.internalFindContentTypesFor(ContentTypeCatalog.java:461) [org.eclipse.core.contenttype_3.5.100.v20160418-1621.jar:na]
	at org.eclipse.core.internal.content.ContentTypeCatalog.getDescriptionFor(ContentTypeCatalog.java:357) [org.eclipse.core.contenttype_3.5.100.v20160418-1621.jar:na]
	at org.eclipse.core.internal.content.ContentTypeCatalog.getDescriptionFor(ContentTypeCatalog.java:371) [org.eclipse.core.contenttype_3.5.100.v20160418-1621.jar:na]
	at org.eclipse.core.internal.content.ContentTypeMatcher.getDescriptionFor(ContentTypeMatcher.java:76) [org.eclipse.core.contenttype_3.5.100.v20160418-1621.jar:na]
	at org.eclipse.core.internal.resources.ContentDescriptionManager.readDescription(ContentDescriptionManager.java:453) [org.eclipse.core.resources_3.11.0.v20160503-1608.jar:na]
	at org.eclipse.core.internal.resources.ContentDescriptionManager.getDescriptionFor(ContentDescriptionManager.java:363) [org.eclipse.core.resources_3.11.0.v20160503-1608.jar:na]
	at org.eclipse.core.internal.resources.File.getContentDescription(File.java:263) [org.eclipse.core.resources_3.11.0.v20160503-1608.jar:na]
	at org.eclipse.wst.validation.internal.ContentTypeWrapper.getContentType(ContentTypeWrapper.java:36) [org.eclipse.wst.validation_1.2.700.v201508251749.jar:na]
	at org.eclipse.wst.validation.internal.model.FilterRule$ContentType.matchesResource(FilterRule.java:522) [org.eclipse.wst.validation_1.2.700.v201508251749.jar:na]
	at org.eclipse.wst.validation.internal.model.FilterGroup.shouldValidate(FilterGroup.java:181) [org.eclipse.wst.validation_1.2.700.v201508251749.jar:na]
	at org.eclipse.wst.validation.Validator$V2.shouldValidate(Validator.java:1114) [org.eclipse.wst.validation_1.2.700.v201508251749.jar:na]
	at org.eclipse.wst.validation.Validator.shouldValidate(Validator.java:320) [org.eclipse.wst.validation_1.2.700.v201508251749.jar:na]
	at org.eclipse.wst.validation.Friend.shouldValidate(Friend.java:50) [org.eclipse.wst.validation_1.2.700.v201508251749.jar:na]
	at org.eclipse.wst.validation.internal.ValManager.accept(ValManager.java:800) [org.eclipse.wst.validation_1.2.700.v201508251749.jar:na]
	at org.eclipse.wst.validation.internal.ValManager.validate(ValManager.java:669) [org.eclipse.wst.validation_1.2.700.v201508251749.jar:na]
	at org.eclipse.wst.validation.internal.ValBuilderJob$Visitor.visit(ValBuilderJob.java:299) [org.eclipse.wst.validation_1.2.700.v201508251749.jar:na]
	at org.eclipse.core.internal.resources.Resource$2.visit(Resource.java:120) [org.eclipse.core.resources_3.11.0.v20160503-1608.jar:na]
	at org.eclipse.core.internal.resources.Resource$1.visitElement(Resource.java:84) [org.eclipse.core.resources_3.11.0.v20160503-1608.jar:na]
	at org.eclipse.core.internal.watson.ElementTreeIterator.doIteration(ElementTreeIterator.java:82) [org.eclipse.core.resources_3.11.0.v20160503-1608.jar:na]
	at org.eclipse.core.internal.watson.ElementTreeIterator.doIteration(ElementTreeIterator.java:87) [org.eclipse.core.resources_3.11.0.v20160503-1608.jar:na]
	at org.eclipse.core.internal.watson.ElementTreeIterator.doIteration(ElementTreeIterator.java:87) [org.eclipse.core.resources_3.11.0.v20160503-1608.jar:na]
	at org.eclipse.core.internal.watson.ElementTreeIterator.doIteration(ElementTreeIterator.java:87) [org.eclipse.core.resources_3.11.0.v20160503-1608.jar:na]
	at org.eclipse.core.internal.watson.ElementTreeIterator.doIteration(ElementTreeIterator.java:87) [org.eclipse.core.resources_3.11.0.v20160503-1608.jar:na]
	at org.eclipse.core.internal.watson.ElementTreeIterator.doIteration(ElementTreeIterator.java:87) [org.eclipse.core.resources_3.11.0.v20160503-1608.jar:na]
	at org.eclipse.core.internal.watson.ElementTreeIterator.doIteration(ElementTreeIterator.java:87) [org.eclipse.core.resources_3.11.0.v20160503-1608.jar:na]
	at org.eclipse.core.internal.watson.ElementTreeIterator.doIteration(ElementTreeIterator.java:87) [org.eclipse.core.resources_3.11.0.v20160503-1608.jar:na]
	at org.eclipse.core.internal.watson.ElementTreeIterator.doIteration(ElementTreeIterator.java:87) [org.eclipse.core.resources_3.11.0.v20160503-1608.jar:na]
	at org.eclipse.core.internal.watson.ElementTreeIterator.iterate(ElementTreeIterator.java:129) [org.eclipse.core.resources_3.11.0.v20160503-1608.jar:na]
	at org.eclipse.core.internal.resources.Resource.accept(Resource.java:94) [org.eclipse.core.resources_3.11.0.v20160503-1608.jar:na]
	at org.eclipse.core.internal.resources.Resource.accept(Resource.java:52) [org.eclipse.core.resources_3.11.0.v20160503-1608.jar:na]
	at org.eclipse.core.internal.resources.Resource.accept(Resource.java:117) [org.eclipse.core.resources_3.11.0.v20160503-1608.jar:na]
	at org.eclipse.core.internal.resources.Resource.accept(Resource.java:105) [org.eclipse.core.resources_3.11.0.v20160503-1608.jar:na]
	at org.eclipse.wst.validation.internal.ValBuilderJob.fullBuild(ValBuilderJob.java:219) [org.eclipse.wst.validation_1.2.700.v201508251749.jar:na]
	at org.eclipse.wst.validation.internal.ValBuilderJob.run(ValBuilderJob.java:178) [org.eclipse.wst.validation_1.2.700.v201508251749.jar:na]
	at org.eclipse.wst.validation.internal.ValBuilderJob.runInWorkspace(ValBuilderJob.java:126) [org.eclipse.wst.validation_1.2.700.v201508251749.jar:na]
	at org.eclipse.core.internal.resources.InternalWorkspaceJob.run(InternalWorkspaceJob.java:39) [org.eclipse.core.resources_3.11.0.v20160503-1608.jar:na]
	at org.eclipse.core.internal.jobs.Worker.run(Worker.java:55) [org.eclipse.core.jobs_3.8.0.v20160509-0411.jar:na]
